  OpenVDBPlugin.cc
d:\asunlab\outsource\openvdb-3.0.0\openvdb\math\math.h(467): warning C4244: 'argument': conversion from 'int64_t' to 'long', possible loss of data
d:\asunlab\outsource\openvdb-3.0.0\openvdb\exceptions.h(44): warning C4275: non dll-interface class 'std::exception' used as base for dll-interface class 'openvdb::v3_0_0::Exception'
  c:\program files (x86)\microsoft visual studio 14.0\vc\include\vcruntime_exception.h(43): note: see declaration of 'std::exception'
  d:\asunlab\outsource\openvdb-3.0.0\openvdb\exceptions.h(43): note: see declaration of 'openvdb::v3_0_0::Exception'
d:\asunlab\outsource\openvdb-3.0.0\openvdb\exceptions.h(65): warning C4251: 'openvdb::v3_0_0::Exception::mMessage': class 'std::basic_string<char,std::char_traits<char>,std::allocator<char>>' needs to have dll-interface to be used by clients of class 'openvdb::v3_0_0::Exception'
  c:\program files (x86)\microsoft visual studio 14.0\vc\include\xstring(2633): note: see declaration of 'std::basic_string<char,std::char_traits<char>,std::allocator<char>>'
d:\asunlab\outsource\boost_1_62_0\boost\format\alt_sstream_impl.hpp : warning C4819: The file contains a character that cannot be represented in the current code page (936). Save the file in Unicode format to prevent data loss
c:\program files\autodesk\maya2017\include\tbb\internal\_tbb_windef.h(52): warning : Recommend using /MD if compiling with TBB_USE_DEBUG==0
d:\asunlab\outsource\openvdb-3.0.0\openvdb\math\hermite.h(103): warning C4800: 'uint32_t': forcing value to bool 'true' or 'false' (performance warning)
d:\asunlab\outsource\openvdb-3.0.0\openvdb\math\hermite.h(111): warning C4800: 'const uint16_t': forcing value to bool 'true' or 'false' (performance warning)
d:\asunlab\outsource\openvdb-3.0.0\openvdb\math\hermite.h(112): warning C4800: 'const uint16_t': forcing value to bool 'true' or 'false' (performance warning)
d:\asunlab\outsource\openvdb-3.0.0\openvdb\math\hermite.h(113): warning C4800: 'uint32_t': forcing value to bool 'true' or 'false' (performance warning)
d:\asunlab\outsource\openvdb-3.0.0\openvdb\io\io.h(116): warning C4251: 'openvdb::v3_0_0::io::StreamMetadata::mImpl': class 'boost::scoped_ptr<openvdb::v3_0_0::io::StreamMetadata::Impl>' needs to have dll-interface to be used by clients of class 'openvdb::v3_0_0::io::StreamMetadata'
  d:\asunlab\outsource\openvdb-3.0.0\openvdb\io\io.h(116): note: see declaration of 'boost::scoped_ptr<openvdb::v3_0_0::io::StreamMetadata::Impl>'
d:\asunlab\outsource\openvdb-3.0.0\openvdb\io\io.h(169): warning C4251: 'openvdb::v3_0_0::io::MappedFile::mImpl': class 'boost::scoped_ptr<openvdb::v3_0_0::io::MappedFile::Impl>' needs to have dll-interface to be used by clients of class 'openvdb::v3_0_0::io::MappedFile'
  d:\asunlab\outsource\openvdb-3.0.0\openvdb\io\io.h(169): note: see declaration of 'boost::scoped_ptr<openvdb::v3_0_0::io::MappedFile::Impl>'
d:\asunlab\outsource\openvdb-3.0.0\openvdb\math\maps.h(315): warning C4251: 'openvdb::v3_0_0::math::MapRegistry::mMap': class 'std::map<openvdb::v3_0_0::Name,openvdb::v3_0_0::math::MapBase::MapFactory,std::less<_Kty>,std::allocator<std::pair<const _Kty,_Ty>>>' needs to have dll-interface to be used by clients of class 'openvdb::v3_0_0::math::MapRegistry'
          with
          [
              _Kty=std::string,
              _Ty=openvdb::v3_0_0::math::MapBase::MapFactory
          ]
  d:\asunlab\outsource\openvdb-3.0.0\openvdb\math\maps.h(289): note: see declaration of 'std::map<openvdb::v3_0_0::Name,openvdb::v3_0_0::math::MapBase::MapFactory,std::less<_Kty>,std::allocator<std::pair<const _Kty,_Ty>>>'
          with
          [
              _Kty=std::string,
              _Ty=openvdb::v3_0_0::math::MapBase::MapFactory
          ]
d:\asunlab\outsource\openvdb-3.0.0\openvdb\math\maps.h(669): warning C4251: 'openvdb::v3_0_0::math::AffineMap::mMatrix': class 'openvdb::v3_0_0::math::Mat4<double>' needs to have dll-interface to be used by clients of class 'openvdb::v3_0_0::math::AffineMap'
  d:\asunlab\outsource\openvdb-3.0.0\openvdb\math\mat4.h(1347): note: see declaration of 'openvdb::v3_0_0::math::Mat4<double>'
d:\asunlab\outsource\openvdb-3.0.0\openvdb\math\maps.h(672): warning C4251: 'openvdb::v3_0_0::math::AffineMap::mMatrixInv': class 'openvdb::v3_0_0::math::Mat4<double>' needs to have dll-interface to be used by clients of class 'openvdb::v3_0_0::math::AffineMap'
  d:\asunlab\outsource\openvdb-3.0.0\openvdb\math\mat4.h(1347): note: see declaration of 'openvdb::v3_0_0::math::Mat4<double>'
d:\asunlab\outsource\openvdb-3.0.0\openvdb\math\maps.h(673): warning C4251: 'openvdb::v3_0_0::math::AffineMap::mJacobianInv': class 'openvdb::v3_0_0::math::Mat3<double>' needs to have dll-interface to be used by clients of class 'openvdb::v3_0_0::math::AffineMap'
  d:\asunlab\outsource\openvdb-3.0.0\openvdb\math\mat3.h(666): note: see declaration of 'openvdb::v3_0_0::math::Mat3<double>'
d:\asunlab\outsource\openvdb-3.0.0\openvdb\math\maps.h(675): warning C4251: 'openvdb::v3_0_0::math::AffineMap::mVoxelSize': class 'openvdb::v3_0_0::math::Vec3<double>' needs to have dll-interface to be used by clients of class 'openvdb::v3_0_0::math::AffineMap'
  d:\asunlab\outsource\openvdb-3.0.0\openvdb\math\vec3.h(629): note: see declaration of 'openvdb::v3_0_0::math::Vec3<double>'
d:\asunlab\outsource\openvdb-3.0.0\openvdb\math\maps.h(921): warning C4251: 'openvdb::v3_0_0::math::ScaleMap::mScaleValues': class 'openvdb::v3_0_0::math::Vec3<double>' needs to have dll-interface to be used by clients of class 'openvdb::v3_0_0::math::ScaleMap'
  d:\asunlab\outsource\openvdb-3.0.0\openvdb\math\vec3.h(629): note: see declaration of 'openvdb::v3_0_0::math::Vec3<double>'
d:\asunlab\outsource\openvdb-3.0.0\openvdb\math\maps.h(921): warning C4251: 'openvdb::v3_0_0::math::ScaleMap::mVoxelSize': class 'openvdb::v3_0_0::math::Vec3<double>' needs to have dll-interface to be used by clients of class 'openvdb::v3_0_0::math::ScaleMap'
  d:\asunlab\outsource\openvdb-3.0.0\openvdb\math\vec3.h(629): note: see declaration of 'openvdb::v3_0_0::math::Vec3<double>'
d:\asunlab\outsource\openvdb-3.0.0\openvdb\math\maps.h(921): warning C4251: 'openvdb::v3_0_0::math::ScaleMap::mScaleValuesInverse': class 'openvdb::v3_0_0::math::Vec3<double>' needs to have dll-interface to be used by clients of class 'openvdb::v3_0_0::math::ScaleMap'
  d:\asunlab\outsource\openvdb-3.0.0\openvdb\math\vec3.h(629): note: see declaration of 'openvdb::v3_0_0::math::Vec3<double>'
d:\asunlab\outsource\openvdb-3.0.0\openvdb\math\maps.h(921): warning C4251: 'openvdb::v3_0_0::math::ScaleMap::mInvScaleSqr': class 'openvdb::v3_0_0::math::Vec3<double>' needs to have dll-interface to be used by clients of class 'openvdb::v3_0_0::math::ScaleMap'
  d:\asunlab\outsource\openvdb-3.0.0\openvdb\math\vec3.h(629): note: see declaration of 'openvdb::v3_0_0::math::Vec3<double>'
d:\asunlab\outsource\openvdb-3.0.0\openvdb\math\maps.h(921): warning C4251: 'openvdb::v3_0_0::math::ScaleMap::mInvTwiceScale': class 'openvdb::v3_0_0::math::Vec3<double>' needs to have dll-interface to be used by clients of class 'openvdb::v3_0_0::math::ScaleMap'
  d:\asunlab\outsource\openvdb-3.0.0\openvdb\math\vec3.h(629): note: see declaration of 'openvdb::v3_0_0::math::Vec3<double>'
d:\asunlab\outsource\openvdb-3.0.0\openvdb\math\maps.h(1164): warning C4251: 'openvdb::v3_0_0::math::TranslationMap::mTranslation': class 'openvdb::v3_0_0::math::Vec3<double>' needs to have dll-interface to be used by clients of class 'openvdb::v3_0_0::math::TranslationMap'
  d:\asunlab\outsource\openvdb-3.0.0\openvdb\math\vec3.h(629): note: see declaration of 'openvdb::v3_0_0::math::Vec3<double>'
d:\asunlab\outsource\openvdb-3.0.0\openvdb\math\maps.h(1451): warning C4251: 'openvdb::v3_0_0::math::ScaleTranslateMap::mTranslation': class 'openvdb::v3_0_0::math::Vec3<double>' needs to have dll-interface to be used by clients of class 'openvdb::v3_0_0::math::ScaleTranslateMap'
  d:\asunlab\outsource\openvdb-3.0.0\openvdb\math\vec3.h(629): note: see declaration of 'openvdb::v3_0_0::math::Vec3<double>'
d:\asunlab\outsource\openvdb-3.0.0\openvdb\math\maps.h(1451): warning C4251: 'openvdb::v3_0_0::math::ScaleTranslateMap::mScaleValues': class 'openvdb::v3_0_0::math::Vec3<double>' needs to have dll-interface to be used by clients of class 'openvdb::v3_0_0::math::ScaleTranslateMap'
  d:\asunlab\outsource\openvdb-3.0.0\openvdb\math\vec3.h(629): note: see declaration of 'openvdb::v3_0_0::math::Vec3<double>'
d:\asunlab\outsource\openvdb-3.0.0\openvdb\math\maps.h(1451): warning C4251: 'openvdb::v3_0_0::math::ScaleTranslateMap::mVoxelSize': class 'openvdb::v3_0_0::math::Vec3<double>' needs to have dll-interface to be used by clients of class 'openvdb::v3_0_0::math::ScaleTranslateMap'
  d:\asunlab\outsource\openvdb-3.0.0\openvdb\math\vec3.h(629): note: see declaration of 'openvdb::v3_0_0::math::Vec3<double>'
d:\asunlab\outsource\openvdb-3.0.0\openvdb\math\maps.h(1451): warning C4251: 'openvdb::v3_0_0::math::ScaleTranslateMap::mScaleValuesInverse': class 'openvdb::v3_0_0::math::Vec3<double>' needs to have dll-interface to be used by clients of class 'openvdb::v3_0_0::math::ScaleTranslateMap'
  d:\asunlab\outsource\openvdb-3.0.0\openvdb\math\vec3.h(629): note: see declaration of 'openvdb::v3_0_0::math::Vec3<double>'
d:\asunlab\outsource\openvdb-3.0.0\openvdb\math\maps.h(1452): warning C4251: 'openvdb::v3_0_0::math::ScaleTranslateMap::mInvScaleSqr': class 'openvdb::v3_0_0::math::Vec3<double>' needs to have dll-interface to be used by clients of class 'openvdb::v3_0_0::math::ScaleTranslateMap'
  d:\asunlab\outsource\openvdb-3.0.0\openvdb\math\vec3.h(629): note: see declaration of 'openvdb::v3_0_0::math::Vec3<double>'
d:\asunlab\outsource\openvdb-3.0.0\openvdb\math\maps.h(1452): warning C4251: 'openvdb::v3_0_0::math::ScaleTranslateMap::mInvTwiceScale': class 'openvdb::v3_0_0::math::Vec3<double>' needs to have dll-interface to be used by clients of class 'openvdb::v3_0_0::math::ScaleTranslateMap'
  d:\asunlab\outsource\openvdb-3.0.0\openvdb\math\vec3.h(629): note: see declaration of 'openvdb::v3_0_0::math::Vec3<double>'
d:\asunlab\outsource\openvdb-3.0.0\openvdb\math\maps.h(2541): warning C4251: 'openvdb::v3_0_0::math::NonlinearFrustumMap::mBBox': class 'openvdb::v3_0_0::math::BBox<openvdb::v3_0_0::math::Vec3d>' needs to have dll-interface to be used by clients of class 'openvdb::v3_0_0::math::NonlinearFrustumMap'
  d:\asunlab\outsource\openvdb-3.0.0\openvdb\types.h(87): note: see declaration of 'openvdb::v3_0_0::math::BBox<openvdb::v3_0_0::math::Vec3d>'
d:\asunlab\outsource\openvdb-3.0.0\openvdb\math\transform.h(184): warning C4251: 'openvdb::v3_0_0::math::Transform::mMap': class 'boost::shared_ptr<openvdb::v3_0_0::math::MapBase>' needs to have dll-interface to be used by clients of class 'openvdb::v3_0_0::math::Transform'
  d:\asunlab\outsource\openvdb-3.0.0\openvdb\math\maps.h(148): note: see declaration of 'boost::shared_ptr<openvdb::v3_0_0::math::MapBase>'
d:\asunlab\outsource\openvdb-3.0.0\openvdb\util\nodemasks.h(128): warning C4146: unary minus operator applied to unsigned type, result still unsigned
d:\asunlab\outsource\openvdb-3.0.0\openvdb\util\nodemasks.h(146): warning C4146: unary minus operator applied to unsigned type, result still unsigned
d:\asunlab\outsource\openvdb-3.0.0\openvdb\util\nodemasks.h(672): warning C4800: 'unsigned int': forcing value to bool 'true' or 'false' (performance warning)
d:\asunlab\outsource\openvdb-3.0.0\openvdb\util\nodemasks.h(1197): warning C4800: 'openvdb::v3_0_0::Index32': forcing value to bool 'true' or 'false' (performance warning)
d:\asunlab\outsource\openvdb-3.0.0\openvdb\util\nodemasks.h(1202): warning C4800: 'openvdb::v3_0_0::Index32': forcing value to bool 'true' or 'false' (performance warning)
d:\asunlab\outsource\openvdb-3.0.0\openvdb\metadata\metamap.h(130): warning C4251: 'openvdb::v3_0_0::MetaMap::mMeta': class 'std::map<openvdb::v3_0_0::Name,openvdb::v3_0_0::Metadata::Ptr,std::less<_Kty>,std::allocator<std::pair<const _Kty,_Ty>>>' needs to have dll-interface to be used by clients of class 'openvdb::v3_0_0::MetaMap'
          with
          [
              _Kty=std::string,
              _Ty=openvdb::v3_0_0::Metadata::Ptr
          ]
  d:\asunlab\outsource\openvdb-3.0.0\openvdb\metadata\metamap.h(52): note: see declaration of 'std::map<openvdb::v3_0_0::Name,openvdb::v3_0_0::Metadata::Ptr,std::less<_Kty>,std::allocator<std::pair<const _Kty,_Ty>>>'
          with
          [
              _Kty=std::string,
              _Ty=openvdb::v3_0_0::Metadata::Ptr
          ]
d:\asunlab\outsource\openvdb-3.0.0\openvdb\grid.h(413): warning C4251: 'openvdb::v3_0_0::GridBase::mTransform': class 'boost::shared_ptr<openvdb::v3_0_0::math::Transform>' needs to have dll-interface to be used by clients of class 'openvdb::v3_0_0::GridBase'
  d:\asunlab\outsource\openvdb-3.0.0\openvdb\math\transform.h(69): note: see declaration of 'boost::shared_ptr<openvdb::v3_0_0::math::Transform>'
d:\asunlab\outsource\openvdb-3.0.0\openvdb\grid.h(446): warning C4251: 'openvdb::v3_0_0::GridNamePred::name': class 'std::basic_string<char,std::char_traits<char>,std::allocator<char>>' needs to have dll-interface to be used by clients of struct 'openvdb::v3_0_0::GridNamePred'
  c:\program files (x86)\microsoft visual studio 14.0\vc\include\xstring(2633): note: see declaration of 'std::basic_string<char,std::char_traits<char>,std::allocator<char>>'
d:\asunlab\outsource\openvdb-3.0.0\openvdb\io\archive.h(205): warning C4251: 'openvdb::v3_0_0::io::Archive::mLibraryVersion': struct 'openvdb::v3_0_0::VersionId' needs to have dll-interface to be used by clients of class 'openvdb::v3_0_0::io::Archive'
  d:\asunlab\outsource\openvdb-3.0.0\openvdb\version.h(120): note: see declaration of 'openvdb::v3_0_0::VersionId'
d:\asunlab\outsource\openvdb-3.0.0\openvdb\io\griddescriptor.h(110): warning C4251: 'openvdb::v3_0_0::io::GridDescriptor::mGridName': class 'std::basic_string<char,std::char_traits<char>,std::allocator<char>>' needs to have dll-interface to be used by clients of class 'openvdb::v3_0_0::io::GridDescriptor'
  c:\program files (x86)\microsoft visual studio 14.0\vc\include\xstring(2633): note: see declaration of 'std::basic_string<char,std::char_traits<char>,std::allocator<char>>'
d:\asunlab\outsource\openvdb-3.0.0\openvdb\io\griddescriptor.h(112): warning C4251: 'openvdb::v3_0_0::io::GridDescriptor::mUniqueName': class 'std::basic_string<char,std::char_traits<char>,std::allocator<char>>' needs to have dll-interface to be used by clients of class 'openvdb::v3_0_0::io::GridDescriptor'
  c:\program files (x86)\microsoft visual studio 14.0\vc\include\xstring(2633): note: see declaration of 'std::basic_string<char,std::char_traits<char>,std::allocator<char>>'
d:\asunlab\outsource\openvdb-3.0.0\openvdb\io\griddescriptor.h(114): warning C4251: 'openvdb::v3_0_0::io::GridDescriptor::mInstanceParentName': class 'std::basic_string<char,std::char_traits<char>,std::allocator<char>>' needs to have dll-interface to be used by clients of class 'openvdb::v3_0_0::io::GridDescriptor'
  c:\program files (x86)\microsoft visual studio 14.0\vc\include\xstring(2633): note: see declaration of 'std::basic_string<char,std::char_traits<char>,std::allocator<char>>'
d:\asunlab\outsource\openvdb-3.0.0\openvdb\io\griddescriptor.h(116): warning C4251: 'openvdb::v3_0_0::io::GridDescriptor::mGridType': class 'std::basic_string<char,std::char_traits<char>,std::allocator<char>>' needs to have dll-interface to be used by clients of class 'openvdb::v3_0_0::io::GridDescriptor'
  c:\program files (x86)\microsoft visual studio 14.0\vc\include\xstring(2633): note: see declaration of 'std::basic_string<char,std::char_traits<char>,std::allocator<char>>'
d:\asunlab\outsource\openvdb-3.0.0\openvdb\io\file.h(245): warning C4251: 'openvdb::v3_0_0::io::File::mImpl': class 'boost::scoped_ptr<openvdb::v3_0_0::io::File::Impl>' needs to have dll-interface to be used by clients of class 'openvdb::v3_0_0::io::File'
  d:\asunlab\outsource\openvdb-3.0.0\openvdb\io\file.h(245): note: see declaration of 'boost::scoped_ptr<openvdb::v3_0_0::io::File::Impl>'
d:\asunlab\github\openvdbformaya\openvdb_maya\openvdbutil.h(245): warning C4305: 'argument': truncation from 'double' to 'float'
d:\asunlab\github\openvdbformaya\openvdb_maya\openvdbutil.h(776): warning C4305: 'argument': truncation from 'double' to 'float'
  openvdbForMaya.vcxproj -> D:\asunlab\github\openvdbForMaya\Debug\openvdbForMaya.mll
  openvdbForMaya.vcxproj -> Debug\openvdbForMaya.pdb (Full PDB)
